<?xml version="1.0" encoding="UTF-8"?>
<!-- Generated by org.testng.reporters.JUnitXMLReporter -->
<testsuite hostname="Mystation" ignored="0" name="Free CRM App Test" tests="4" failures="0" timestamp="27 Apr 2020 09:19:56 GMT" time="143.901" errors="0">
  <testcase name="loginPageTitleTest" time="1.227" classname="com.crm.qa.tests.LoginPageTest"/>
  <testcase name="verifyHomePageTitle" time="0.012" classname="com.crm.qa.tests.HomePageTest"/>
  <testcase name="loginTest" time="1.186" classname="com.crm.qa.tests.LoginPageTest"/>
  <testcase name="verifyHomePageUserName" time="4.552" classname="com.crm.qa.tests.HomePageTest"/>
</testsuite> <!-- Free CRM App Test -->
