<?xml version="1.0" encoding="UTF-8"?>
<testng-results skipped="0" failed="0" ignored="0" total="4" passed="4">
  <reporter-output>
  </reporter-output>
  <suite name="Free CRM App Test  Suite" duration-ms="143901" started-at="2020-04-27T09:17:32Z" finished-at="2020-04-27T09:19:56Z">
    <groups>
    </groups>
    <test name="Free CRM App Test" duration-ms="143901" started-at="2020-04-27T09:17:32Z" finished-at="2020-04-27T09:19:56Z">
      <class name="com.crm.qa.tests.LoginPageTest">
        <test-method status="PASS" signature="setUp()[pri:0, instance:com.crm.qa.tests.LoginPageTest@1bce4f0a]" name="setUp" is-config="true" duration-ms="40143" started-at="2020-04-27T14:47:32Z" finished-at="2020-04-27T14:48:12Z">
          <reporter-output>
          </reporter-output>
        </test-method> <!-- setUp -->
        <test-method status="PASS" signature="loginPageTitleTest()[pri:1, instance:com.crm.qa.tests.LoginPageTest@1bce4f0a]" name="loginPageTitleTest" duration-ms="1227" started-at="2020-04-27T14:48:12Z" finished-at="2020-04-27T14:48:13Z">
          <reporter-output>
          </reporter-output>
        </test-method> <!-- loginPageTitleTest -->
        <test-method status="PASS" signature="tearDown()[pri:0, instance:com.crm.qa.tests.LoginPageTest@1bce4f0a]" name="tearDown" is-config="true" duration-ms="863" started-at="2020-04-27T14:48:13Z" finished-at="2020-04-27T14:48:14Z">
          <reporter-output>
          </reporter-output>
        </test-method> <!-- tearDown -->
        <test-method status="PASS" signature="setUp()[pri:0, instance:com.crm.qa.tests.LoginPageTest@1bce4f0a]" name="setUp" is-config="true" duration-ms="32994" started-at="2020-04-27T14:48:50Z" finished-at="2020-04-27T14:49:23Z">
          <reporter-output>
          </reporter-output>
        </test-method> <!-- setUp -->
        <test-method status="PASS" signature="loginTest()[pri:2, instance:com.crm.qa.tests.LoginPageTest@1bce4f0a]" name="loginTest" duration-ms="1186" started-at="2020-04-27T14:49:23Z" finished-at="2020-04-27T14:49:24Z">
          <reporter-output>
          </reporter-output>
        </test-method> <!-- loginTest -->
        <test-method status="PASS" signature="tearDown()[pri:0, instance:com.crm.qa.tests.LoginPageTest@1bce4f0a]" name="tearDown" is-config="true" duration-ms="930" started-at="2020-04-27T14:49:24Z" finished-at="2020-04-27T14:49:25Z">
          <reporter-output>
          </reporter-output>
        </test-method> <!-- tearDown -->
      </class> <!-- com.crm.qa.tests.LoginPageTest -->
      <class name="com.crm.qa.tests.HomePageTest">
        <test-method status="PASS" signature="setup()[pri:0, instance:com.crm.qa.tests.HomePageTest@5e3a8624]" name="setup" is-config="true" duration-ms="34518" started-at="2020-04-27T14:48:14Z" finished-at="2020-04-27T14:48:49Z">
          <reporter-output>
          </reporter-output>
        </test-method> <!-- setup -->
        <test-method status="PASS" signature="verifyHomePageTitle()[pri:1, instance:com.crm.qa.tests.HomePageTest@5e3a8624]" name="verifyHomePageTitle" duration-ms="12" started-at="2020-04-27T14:48:49Z" finished-at="2020-04-27T14:48:49Z">
          <reporter-output>
          </reporter-output>
        </test-method> <!-- verifyHomePageTitle -->
        <test-method status="PASS" signature="tearDown()[pri:0, instance:com.crm.qa.tests.HomePageTest@5e3a8624]" name="tearDown" is-config="true" duration-ms="766" started-at="2020-04-27T14:48:49Z" finished-at="2020-04-27T14:48:50Z">
          <reporter-output>
          </reporter-output>
        </test-method> <!-- tearDown -->
        <test-method status="PASS" signature="setup()[pri:0, instance:com.crm.qa.tests.HomePageTest@5e3a8624]" name="setup" is-config="true" duration-ms="25276" started-at="2020-04-27T14:49:25Z" finished-at="2020-04-27T14:49:50Z">
          <reporter-output>
          </reporter-output>
        </test-method> <!-- setup -->
        <test-method status="PASS" signature="verifyHomePageUserName()[pri:2, instance:com.crm.qa.tests.HomePageTest@5e3a8624]" name="verifyHomePageUserName" duration-ms="4552" started-at="2020-04-27T14:49:50Z" finished-at="2020-04-27T14:49:55Z">
          <reporter-output>
          </reporter-output>
        </test-method> <!-- verifyHomePageUserName -->
        <test-method status="PASS" signature="tearDown()[pri:0, instance:com.crm.qa.tests.HomePageTest@5e3a8624]" name="tearDown" is-config="true" duration-ms="1342" started-at="2020-04-27T14:49:55Z" finished-at="2020-04-27T14:49:56Z">
          <reporter-output>
          </reporter-output>
        </test-method> <!-- tearDown -->
      </class> <!-- com.crm.qa.tests.HomePageTest -->
    </test> <!-- Free CRM App Test -->
  </suite> <!-- Free CRM App Test  Suite -->
</testng-results>
