<?xml version="1.0" encoding="UTF-8"?>
<testng-results skipped="0" failed="0" ignored="0" total="2" passed="2">
  <reporter-output>
  </reporter-output>
  <suite name="Default suite" duration-ms="79872" started-at="2020-03-22T14:09:10Z" finished-at="2020-03-22T14:10:30Z">
    <groups>
    </groups>
    <test name="Default test" duration-ms="79872" started-at="2020-03-22T14:09:10Z" finished-at="2020-03-22T14:10:30Z">
      <class name="com.crm.qa.tests.LoginPageTest">
        <test-method status="PASS" signature="setUp()[pri:0, instance:com.crm.qa.tests.LoginPageTest@ae45eb6]" name="setUp" is-config="true" duration-ms="45789" started-at="2020-03-22T19:39:10Z" finished-at="2020-03-22T19:39:56Z">
          <reporter-output>
          </reporter-output>
        </test-method> <!-- setUp -->
        <test-method status="PASS" signature="loginPageTitleTest()[pri:1, instance:com.crm.qa.tests.LoginPageTest@ae45eb6]" name="loginPageTitleTest" duration-ms="31" started-at="2020-03-22T19:39:56Z" finished-at="2020-03-22T19:39:56Z">
          <reporter-output>
          </reporter-output>
        </test-method> <!-- loginPageTitleTest -->
        <test-method status="PASS" signature="tearDown()[pri:0, instance:com.crm.qa.tests.LoginPageTest@ae45eb6]" name="tearDown" is-config="true" duration-ms="781" started-at="2020-03-22T19:39:56Z" finished-at="2020-03-22T19:39:57Z">
          <reporter-output>
          </reporter-output>
        </test-method> <!-- tearDown -->
        <test-method status="PASS" signature="setUp()[pri:0, instance:com.crm.qa.tests.LoginPageTest@ae45eb6]" name="setUp" is-config="true" duration-ms="31639" started-at="2020-03-22T19:39:57Z" finished-at="2020-03-22T19:40:28Z">
          <reporter-output>
          </reporter-output>
        </test-method> <!-- setUp -->
        <test-method status="PASS" signature="loginTest()[pri:2, instance:com.crm.qa.tests.LoginPageTest@ae45eb6]" name="loginTest" duration-ms="758" started-at="2020-03-22T19:40:28Z" finished-at="2020-03-22T19:40:29Z">
          <reporter-output>
          </reporter-output>
        </test-method> <!-- loginTest -->
        <test-method status="PASS" signature="tearDown()[pri:0, instance:com.crm.qa.tests.LoginPageTest@ae45eb6]" name="tearDown" is-config="true" duration-ms="824" started-at="2020-03-22T19:40:29Z" finished-at="2020-03-22T19:40:30Z">
          <reporter-output>
          </reporter-output>
        </test-method> <!-- tearDown -->
      </class> <!-- com.crm.qa.tests.LoginPageTest -->
    </test> <!-- Default test -->
  </suite> <!-- Default suite -->
</testng-results>
